73 vs 611 
3 vs 576 
3 vs 611 
3 vs 663 
137 vs 663 
137 vs 611 
137 vs 576 
149 vs 344 
149 vs 198 
149 vs 223 
579 vs 676 
599 vs 696 
185 vs 380 
149 vs 198 
149 vs 189 
140 vs 344 
176 vs 380 
140 vs 344 
140 vs 223 
140 vs 198 
310 vs 404 
383 vs 673 
30 vs 348 
30 vs 362 
200 vs 207 
217 vs 224 
20 vs 207 
88 vs 101 
72 vs 196 
37 vs 224 
20 vs 207 
72 vs 259 
275 vs 328 
536 vs 834 
494 vs 759 
121 vs 342 
97 vs 342 
326 vs 571 
113 vs 209 
107 vs 278 
108 vs 249 
61 vs 278 
666 vs 852 
329 vs 442 
320 vs 433 
329 vs 450 
228 vs 341 
315 vs 1070 
258 vs 977 
478 vs 1070 
298 vs 753 
464 vs 783 
466 vs 785 
381 vs 772 
604 vs 783 
567 vs 746 
43 vs 185 
509 vs 1276 
317 vs 1084 
524 vs 1276 
525 vs 1178 
524 vs 1275 
529 vs 1257 
529 vs 1256 
557 vs 1178 
556 vs 1275 
745 vs 1257 
745 vs 1256 
1099 vs 1276 
1100 vs 1178 
1099 vs 1257 
1099 vs 1177 
1098 vs 1256 
1098 vs 1275 
113 vs 421 
69 vs 1323 
907 vs 1084 
1099 vs 1276 
69 vs 1541 
447 vs 925 
141 vs 143 
515 vs 1954 
515 vs 1225 
466 vs 609 
124 vs 1659 
124 vs 1673 
824 vs 1068 
646 vs 1068 
824 vs 1068 
622 vs 1044 
646 vs 1068 
289 vs 319 
800 vs 1044 
6 vs 164 
6 vs 77 
6 vs 164 
6 vs 138 
6 vs 77 
188 vs 346 
26 vs 1392 
1228 vs 1392 
26 vs 1392 
1270 vs 1392 
1228 vs 1392 
1270 vs 1392 
723 vs 1473 
92 vs 155 
743 vs 1473 
103 vs 828 
83 vs 828 
221 vs 388 
164 vs 483 
275 vs 595 
221 vs 358 
128 vs 280 
182 vs 229 
198 vs 350 
427 vs 474 
160 vs 474 
428 vs 476 
352 vs 479 
428 vs 476 
283 vs 410 
1041 vs 1453 
817 vs 1481 
276 vs 647 
360 vs 693 
1041 vs 1412 
1041 vs 1412 
312 vs 701 
294 vs 683 
58 vs 470 
1005 vs 1376 
1004 vs 3664 
3304 vs 3664 
92 vs 373 
105 vs 169 
32 vs 167 
45 vs 112 
38 vs 307 
45 vs 112 
363 vs 663 
349 vs 664 
72 vs 1052 
54 vs 522 
54 vs 522 
552 vs 1067 
916 vs 1240 
1262 vs 1279 
1223 vs 1240 
260 vs 777 
474 vs 563 
414 vs 503 
654 vs 839 
218 vs 512 
202 vs 214 
490 vs 706 
3348 vs 5204 
3324 vs 5159 
3138 vs 5204 
3114 vs 5159 
1966 vs 5204 
1966 vs 5159 
551 vs 2058 
1841 vs 5183 
1281 vs 5183 
325 vs 5176 
193 vs 398 
171 vs 170 
448 vs 447 
525 vs 524 
525 vs 524 
171 vs 170 
470 vs 469 
525 vs 524 
184 vs 187 
3632 vs 4391 
245 vs 946 
251 vs 987 
982 vs 986 
251 vs 482 
251 vs 1055 
251 vs 986 
982 vs 1055 
983 vs 987 
35 vs 164 
79 vs 162 
102 vs 182 
102 vs 231 
530 vs 1214 
332 vs 437 
808 vs 1440 
102 vs 180 
187 vs 520 
807 vs 1214 
530 vs 1437 
115 vs 574 
104 vs 185 
187 vs 491 
531 vs 1440 
807 vs 1437 
187 vs 244 
271 vs 368 
271 vs 406 
189 vs 324 
327 vs 392 
96 vs 185 
96 vs 392 
96 vs 392 
327 vs 392 
96 vs 165 
585 vs 2285 
205 vs 1902 
251 vs 1902 
328 vs 1902 
649 vs 1902 
585 vs 2068 
588 vs 2285 
634 vs 2285 
711 vs 2285 
1032 vs 2285 
202 vs 1902 
588 vs 2068 
634 vs 2068 
711 vs 2068 
1032 vs 2068 
1467 vs 1603 
203 vs 498 
203 vs 281 
1467 vs 1603 
60 vs 276 
60 vs 215 
51 vs 407 
51 vs 373 
81 vs 269 
51 vs 102 
51 vs 455 
323 vs 372 
332 vs 425 
332 vs 389 
332 vs 425 
83 vs 349 
47 vs 164 
79 vs 78 
843 vs 1035 
902 vs 1094 
18 vs 420 
473 vs 859 
18 vs 420 
472 vs 858 
854 vs 1046 
78 vs 464 
5 vs 200 
443 vs 829 
60 vs 1167 
471 vs 3487 
511 vs 3631 
1187 vs 3631 
1147 vs 3487 
119 vs 225 
194 vs 1459 
458 vs 1049 
288 vs 304 
194 vs 1548 
188 vs 229 
458 vs 685 
815 vs 1332 
10 vs 442 
458 vs 1026 
751 vs 1275 
762 vs 1286 
487 vs 860 
815 vs 1339 
253 vs 626 
177 vs 223 
55 vs 169 
77 vs 191 
77 vs 191 
54 vs 263 
27 vs 236 
54 vs 200 
73 vs 130 
54 vs 263 
77 vs 201 
173 vs 457 
54 vs 200 
77 vs 192 
54 vs 263 
173 vs 250 
152 vs 451 
595 vs 5430 
595 vs 5430 
765 vs 1062 
637 vs 7592 
744 vs 2028 
605 vs 5430 
605 vs 5430 
755 vs 1062 
627 vs 7592 
754 vs 2028 
553 vs 1375 
605 vs 5430 
605 vs 5300 
595 vs 7388 
590 vs 7555 
563 vs 1375 
595 vs 5430 
595 vs 5300 
605 vs 7388 
600 vs 7555 
668 vs 1291 
118 vs 163 
38 vs 328 
10 vs 300 
422 vs 467 
340 vs 385 
176 vs 221 
396 vs 441 
40 vs 85 
91 vs 373 
91 vs 247 
110 vs 301 
110 vs 335 
91 vs 224 
118 vs 163 
91 vs 373 
91 vs 226 
110 vs 335 
72 vs 297 
86 vs 95 
110 vs 313 
110 vs 334 
224 vs 641 
91 vs 247 
224 vs 695 
361 vs 360 
592 vs 591 
110 vs 458 
110 vs 354 
110 vs 141 
91 vs 161 
120 vs 556 
592 vs 591 
110 vs 335 
110 vs 129 
91 vs 373 
91 vs 100 
110 vs 439 
110 vs 335 
1335 vs 2405 
1335 vs 2406 
1335 vs 2406 
457 vs 559 
1335 vs 2405 
91 vs 279 
1583 vs 2533 
123 vs 2533 
100 vs 1898 
965 vs 3375 
100 vs 262 
100 vs 1898 
2425 vs 3375 
100 vs 1907 
100 vs 1907 
101 vs 106 
101 vs 121 
98 vs 706 
25 vs 633 
44 vs 134 
74 vs 160 
79 vs 116 
136 vs 222 
90 vs 204 
133 vs 176 
25 vs 579 
121 vs 389 
44 vs 652 
251 vs 337 
249 vs 250 
212 vs 660 
67 vs 202 
212 vs 748 
67 vs 747 
167 vs 384 
118 vs 335 
190 vs 638 
118 vs 335 
212 vs 748 
67 vs 747 
89 vs 421 
89 vs 519 
133 vs 505 
89 vs 455 
385 vs 421 
119 vs 1151 
119 vs 1219 
31 vs 674 
27 vs 146 
27 vs 109 
390 vs 1323 
31 vs 542 
390 vs 1044 
390 vs 652 
390 vs 627 
390 vs 754 
390 vs 1030 
390 vs 627 
59 vs 70 
390 vs 627 
1024 vs 1334 
542 vs 841 
1024 vs 1323 
390 vs 1334 
390 vs 627 
592 vs 891 
47 vs 584 
238 vs 555 
203 vs 204 
203 vs 553 
119 vs 239 
81 vs 584 
238 vs 588 
119 vs 469 
203 vs 537 
238 vs 555 
195 vs 1801 
184 vs 1801 
184 vs 1582 
534 vs 865 
755 vs 2109 
195 vs 1582 
457 vs 1154 
755 vs 2129 
61 vs 460 
313 vs 821 
1029 vs 1537 
355 vs 419 
355 vs 365 
516 vs 541 
283 vs 419 
283 vs 365 
355 vs 388 
355 vs 425 
355 vs 418 
355 vs 374 
481 vs 506 
283 vs 388 
283 vs 425 
283 vs 418 
355 vs 402 
283 vs 374 
355 vs 393 
283 vs 402 
283 vs 393 
97 vs 330 
1034 vs 1495 
412 vs 624 
355 vs 429 
355 vs 390 
355 vs 390 
412 vs 624 
355 vs 390 
283 vs 429 
283 vs 390 
152 vs 169 
283 vs 390 
283 vs 390 
97 vs 320 
664 vs 843 
664 vs 936 
677 vs 949 
110 vs 150 
563 vs 835 
87 vs 188 
760 vs 1530 
83 vs 113 
664 vs 697 
351 vs 719 
359 vs 717 
221 vs 589 
359 vs 719 
306 vs 305 
177 vs 176 
32 vs 595 
351 vs 717 
70 vs 632 
175 vs 359 
229 vs 589 
175 vs 297 
38 vs 66 
175 vs 359 
175 vs 297 
63 vs 690 
132 vs 669 
16 vs 553 
71 vs 614 
67 vs 504 
44 vs 587 
163 vs 497 
71 vs 180 
219 vs 553 
71 vs 560 
132 vs 887 
71 vs 560 
219 vs 321 
44 vs 587 
85 vs 914 
8 vs 386 
85 vs 914 
597 vs 803 
7 vs 803 
151 vs 858 
8 vs 365 
597 vs 803 
7 vs 58 
151 vs 274 
151 vs 858 
597 vs 803 
7 vs 52 
760 vs 901 
151 vs 186 
806 vs 947 
806 vs 947 
806 vs 947 
91 vs 297 
30 vs 63 
880 vs 1299 
879 vs 1454 
733 vs 874 
175 vs 283 
998 vs 1417 
555 vs 720 
41 vs 130 
484 vs 543 
933 vs 1508 
2214 vs 2273 
30 vs 297 
515 vs 2273 
41 vs 2273 
635 vs 803 
515 vs 979 
41 vs 979 
57 vs 238 
758 vs 1035 
758 vs 1261 
333 vs 392 
57 vs 295 
147 vs 336 
211 vs 451 
491 vs 490 
1428 vs 1690 
1556 vs 1818 
1505 vs 1767 
1544 vs 1806 
172 vs 480 
172 vs 539 
172 vs 505 
172 vs 480 
172 vs 539 
172 vs 539 
172 vs 460 
172 vs 438 
529 vs 592 
172 vs 494 
172 vs 494 
172 vs 460 
217 vs 501 
217 vs 501 
267 vs 551 
146 vs 430 
650 vs 926 
33 vs 74 
737 vs 1013 
173 vs 694 
267 vs 551 
146 vs 430 
687 vs 901 
165 vs 202 
310 vs 831 
163 vs 483 
163 vs 483 
210 vs 530 
413 vs 635 
413 vs 626 
690 vs 977 
690 vs 957 
299 vs 319 
419 vs 439 
79 vs 173 
363 vs 382 
413 vs 635 
413 vs 624 
690 vs 969 
467 vs 487 
405 vs 425 
246 vs 678 
57 vs 636 
57 vs 636 
87 vs 391 
78 vs 1003 
78 vs 1003 
386 vs 1003 
386 vs 1003 
22 vs 947 
300 vs 1150 
852 vs 1150 
827 vs 1125 
300 vs 1125 
57 vs 655 
758 vs 762 
713 vs 717 
68 vs 372 
827 vs 1125 
758 vs 762 
750 vs 752 
78 vs 1003 
330 vs 947 
244 vs 802 
386 vs 1003 
805 vs 807 
300 vs 1481 
300 vs 1125 
827 vs 1481 
705 vs 709 
705 vs 709 
561 vs 563 
205 vs 420 
317 vs 1127 
339 vs 928 
54 vs 888 
339 vs 816 
317 vs 1110 
339 vs 871 
274 vs 976 
619 vs 792 
619 vs 976 
619 vs 976 
274 vs 976 
274 vs 792 
370 vs 1194 
370 vs 1214 
370 vs 1214 
728 vs 1162 
2041 vs 2223 
185 vs 391 
576 vs 602 
146 vs 641 
521 vs 660 
470 vs 496 
260 vs 508 
558 vs 2223 
304 vs 330 
218 vs 466 
650 vs 988 
787 vs 2431 
35 vs 969 
35 vs 48 
813 vs 1132 
437 vs 740 
650 vs 2362 
35 vs 173 
172 vs 2482 
102 vs 143 
650 vs 969 
35 vs 2346 
813 vs 1116 
172 vs 2431 
172 vs 310 
52 vs 66 
38 vs 186 
650 vs 2346 
35 vs 988 
38 vs 51 
716 vs 2240 
787 vs 2482 
101 vs 2240 
35 vs 2362 
101 vs 114 
127 vs 337 
508 vs 709 
25 vs 130 
38 vs 682 
436 vs 640 
227 vs 265 
67 vs 227 
67 vs 165 
227 vs 247 
67 vs 149 
38 vs 742 
67 vs 268 
157 vs 195 
19 vs 220 
737 vs 775 
751 vs 789 
736 vs 774 
444 vs 775 
458 vs 789 
40 vs 204 
300 vs 329 
122 vs 357 
458 vs 787 
40 vs 100 
40 vs 275 
749 vs 787 
322 vs 962 
322 vs 930 
243 vs 448 
443 vs 774 
282 vs 922 
106 vs 341 
322 vs 930 
291 vs 801 
303 vs 828 
291 vs 801 
291 vs 816 
303 vs 828 
1013 vs 1401 
927 vs 1315 
969 vs 1357 
1022 vs 1410 
960 vs 1348 
48 vs 1357 
101 vs 139 
978 vs 1366 
969 vs 1357 
384 vs 772 
101 vs 1410 
48 vs 1348 
48 vs 1366 
101 vs 1401 
75 vs 131 
366 vs 1203 
8 vs 561 
8 vs 140 
48 vs 1357 
101 vs 151 
115 vs 497 
8 vs 557 
8 vs 131 
8 vs 561 
8 vs 140 
48 vs 84 
136 vs 518 
8 vs 561 
714 vs 784 
517 vs 1943 
8 vs 516 
8 vs 58 
190 vs 572 
8 vs 561 
2345 vs 4061 
1637 vs 4061 
447 vs 784 
240 vs 495 
153 vs 495 
95 vs 101 
489 vs 1042 
336 vs 902 
489 vs 1042 
336 vs 902 
542 vs 1042 
283 vs 902 
95 vs 101 
283 vs 902 
542 vs 1042 
411 vs 468 
27 vs 101 
1017 vs 1226 
722 vs 931 
1060 vs 1269 
9 vs 366 
38 vs 474 
435 vs 490 
986 vs 1195 
38 vs 473 
9 vs 351 
148 vs 583 
532 vs 587 
148 vs 584 
435 vs 446 
38 vs 200 
73 vs 128 
38 vs 137 
22 vs 485 
373 vs 836 
343 vs 400 
124 vs 400 
329 vs 419 
116 vs 902 
274 vs 956 
493 vs 956 
154 vs 836 
263 vs 353 
888 vs 2964 
329 vs 419 
116 vs 796 
888 vs 2969 
156 vs 1031 
84 vs 958 
112 vs 987 
103 vs 178 
84 vs 958 
84 vs 229 
213 vs 351 
111 vs 985 
19 vs 59 
125 vs 321 
26 vs 220 
125 vs 761 
213 vs 351 
111 vs 986 
84 vs 214 
125 vs 761 
153 vs 169 
98 vs 213 
125 vs 761 
559 vs 671 
140 vs 156 
228 vs 475 
163 vs 213 
1405 vs 1621 
172 vs 188 
894 vs 1297 
559 vs 911 
163 vs 671 
163 vs 911 
772 vs 1621 
207 vs 345 
61 vs 231 
245 vs 1037 
76 vs 759 
245 vs 1037 
76 vs 124 
76 vs 592 
76 vs 977 
347 vs 428 
187 vs 515 
308 vs 366 
347 vs 429 
76 vs 977 
235 vs 333 
59 vs 429 
159 vs 376 
59 vs 366 
192 vs 376 
81 vs 298 
59 vs 428 
157 vs 340 
203 vs 246 
51 vs 289 
150 vs 321 
55 vs 289 
60 vs 289 
190 vs 340 
159 vs 321 
93 vs 289 
192 vs 321 
159 vs 298 
144 vs 314 
259 vs 333 
188 vs 289 
98 vs 187 
159 vs 290 
192 vs 290 
159 vs 388 
2242 vs 2419 
192 vs 388 
1507 vs 2419 
335 vs 343 
82 vs 343 
73 vs 309 
38 vs 257 
179 vs 223 
54 vs 285 
139 vs 150 
139 vs 150 
498 vs 1179 
175 vs 1179 
25 vs 466 
482 vs 1163 
965 vs 1009 
175 vs 1163 
139 vs 150 
965 vs 1020 
110 vs 551 
659 vs 714 
164 vs 329 
185 vs 243 
164 vs 365 
169 vs 370 
57 vs 890 
102 vs 154 
34 vs 243 
55 vs 231 
57 vs 1101 
359 vs 551 
164 vs 329 
19 vs 312 
359 vs 565 
153 vs 463 
153 vs 457 
57 vs 69 
65 vs 376 
71 vs 382 
34 vs 327 
359 vs 565 
25 vs 152 
54 vs 365 
48 vs 264 
65 vs 287 
48 vs 270 
54 vs 365 
65 vs 192 
133 vs 344 
19 vs 187 
133 vs 419 
37 vs 205 
19 vs 187 
37 vs 113 
134 vs 302 
140 vs 181 
32 vs 73 
144 vs 185 
19 vs 143 
59 vs 345 
37 vs 93 
160 vs 201 
646 vs 1158 
480 vs 1158 
646 vs 1158 
646 vs 1158 
480 vs 1158 
699 vs 1457 
480 vs 1158 
852 vs 1610 
665 vs 1457 
83 vs 250 
818 vs 1610 
726 vs 1518 
760 vs 1518 
49 vs 250 
92 vs 201 
2009 vs 2229 
2052 vs 2229 
2004 vs 2224 
240 vs 272 
73 vs 201 
2047 vs 2224 
615 vs 742 
615 vs 742 
561 vs 688 
561 vs 588 
466 vs 471 
41 vs 532 
41 vs 469 
41 vs 208 
466 vs 471 
97 vs 543 
41 vs 532 
97 vs 699 
166 vs 698 
167 vs 699 
11 vs 613 
96 vs 698 
81 vs 613 
6 vs 645 
597 vs 1125 
164 vs 464 
26 vs 1125 
279 vs 281 
597 vs 1133 
26 vs 1133 
514 vs 1299 
597 vs 1133 
26 vs 1133 
1208 vs 1299 
1093 vs 1358 
1093 vs 1358 
100 vs 247 
215 vs 566 
999 vs 1299 
1315 vs 1791 
704 vs 1791 
356 vs 707 
704 vs 827 
380 vs 731 
627 vs 783 
785 vs 1060 
162 vs 693 
693 vs 693 
611 vs 1139 
752 vs 1280 
741 vs 1269 
831 vs 1161 
837 vs 1167 
687 vs 1058 
728 vs 1058 
811 vs 1182 
852 vs 1182 
790 vs 1161 
796 vs 1167 
734 vs 1064 
749 vs 1079 
672 vs 1043 
816 vs 1146 
693 vs 1064 
708 vs 1079 
337 vs 529 
271 vs 872 
107 vs 981 
145 vs 1035 
713 vs 1043 
118 vs 491 
775 vs 1146 
145 vs 981 
337 vs 1012 
662 vs 981 
107 vs 981 
662 vs 1035 
107 vs 1035 
98 vs 583 
98 vs 584 
337 vs 655 
145 vs 981 
98 vs 599 
662 vs 981 
326 vs 2294 
326 vs 2313 
1 vs 193 
277 vs 2264 
326 vs 2251 
259 vs 1877 
652 vs 2313 
603 vs 2202 
326 vs 2270 
326 vs 438 
652 vs 2270 
603 vs 2264 
652 vs 2251 
277 vs 2202 
652 vs 2294 
374 vs 373 
374 vs 373 
374 vs 373 
374 vs 373 
137 vs 526 
222 vs 626 
42 vs 905 
137 vs 526 
222 vs 554 
85 vs 932 
32 vs 2363 
551 vs 604 
38 vs 766 
64 vs 159 
101 vs 518 
101 vs 534 
101 vs 538 
108 vs 150 
101 vs 525 
101 vs 538 
64 vs 159 
101 vs 538 
42 vs 193 
134 vs 232 
134 vs 232 
167 vs 254 
134 vs 330 
183 vs 270 
672 vs 1231 
191 vs 569 
134 vs 269 
2076 vs 3477 
572 vs 661 
215 vs 593 
183 vs 270 
526 vs 1406 
225 vs 293 
457 vs 1382 
463 vs 909 
526 vs 1376 
526 vs 870 
414 vs 1294 
7 vs 887 
295 vs 753 
389 vs 1304 
341 vs 1304 
341 vs 1256 
228 vs 1143 
293 vs 1256 
180 vs 1143 
343 vs 753 
182 vs 1145 
229 vs 600 
391 vs 1306 
277 vs 735 
230 vs 1145 
277 vs 600 
343 vs 1306 
325 vs 735 
585 vs 1489 
108 vs 361 
558 vs 1462 
574 vs 1478 
417 vs 1854 
113 vs 163 
88 vs 183 
95 vs 151 
88 vs 183 
417 vs 1873 
91 vs 186 
88 vs 183 
363 vs 747 
88 vs 183 
363 vs 747 
88 vs 138 
363 vs 726 
632 vs 650 
358 vs 371 
358 vs 371 
593 vs 611 
767 vs 967 
358 vs 371 
715 vs 915 
628 vs 828 
429 vs 466 
228 vs 1158 
420 vs 457 
228 vs 1205 
228 vs 1170 
410 vs 447 
228 vs 1170 
228 vs 1134 
484 vs 484 
631 vs 631 
709 vs 709 
968 vs 1040 
469 vs 469 
342 vs 363 
14 vs 584 
342 vs 363 
267 vs 288 
14 vs 270 
267 vs 288 
14 vs 460 
146 vs 355 
57 vs 152 
392 vs 601 
57 vs 597 
57 vs 118 
510 vs 597 
1139 vs 2039 
1139 vs 2039 
1589 vs 2489 
689 vs 1151 
40 vs 569 
1139 vs 2039 
1139 vs 2039 
389 vs 388 
306 vs 369 
273 vs 336 
306 vs 349 
306 vs 362 
3 vs 245 
3 vs 476 
292 vs 355 
15 vs 78 
336 vs 392 
321 vs 364 
57 vs 1894 
336 vs 399 
322 vs 385 
307 vs 370 
321 vs 384 
321 vs 377 
408 vs 476 
3 vs 476 
408 vs 476 
104 vs 493 
104 vs 493 
41 vs 430 
218 vs 356 
104 vs 493 
104 vs 518 
105 vs 494 
59 vs 448 
210 vs 240 
45 vs 411 
251 vs 281 
259 vs 737 
259 vs 737 
205 vs 217 
259 vs 737 
259 vs 737 
4464 vs 5226 
1582 vs 3114 
216 vs 228 
227 vs 815 
3521 vs 5226 
2627 vs 5226 
4464 vs 5202 
2693 vs 5226 
3521 vs 5202 
2693 vs 5202 
2627 vs 5202 
870 vs 5202 
870 vs 5226 
870 vs 1546 
296 vs 435 
296 vs 435 
257 vs 396 
296 vs 435 
153 vs 435 
153 vs 435 
153 vs 442 
153 vs 354 
144 vs 435 
144 vs 435 
144 vs 435 
167 vs 458 
79 vs 435 
79 vs 435 
79 vs 354 
33 vs 458 
44 vs 361 
175 vs 1512 
150 vs 194 
175 vs 968 
448 vs 645 
583 vs 795 
44 vs 80 
150 vs 1512 
175 vs 194 
150 vs 968 
420 vs 1015 
859 vs 1524 
561 vs 758 
837 vs 1907 
837 vs 1907 
139 vs 622 
217 vs 700 
41 vs 82 
41 vs 86 
41 vs 66 
1397 vs 7968 
267 vs 2757 
1795 vs 8923 
1881 vs 2757 
310 vs 1566 
1397 vs 6620 
153 vs 3739 
1489 vs 8923 
1611 vs 6620 
1611 vs 7968 
3034 vs 7968 
3034 vs 6620 
3463 vs 8923 
4369 vs 6620 
153 vs 5602 
1488 vs 3739 
5326 vs 8923 
2003 vs 5602 
4369 vs 7968 
37 vs 270 
37 vs 270 
37 vs 129 
78 vs 184 
93 vs 290 
460 vs 609 
93 vs 188 
599 vs 680 
460 vs 678 
460 vs 662 
93 vs 186 
1547 vs 1722 
1411 vs 1722 
460 vs 547 
460 vs 559 
1547 vs 1722 
93 vs 186 
1411 vs 1722 
538 vs 619 
460 vs 854 
110 vs 201 
93 vs 138 
100 vs 163 
460 vs 755 
460 vs 579 
460 vs 695 
621 vs 778 
485 vs 778 
421 vs 570 
956 vs 1047 
386 vs 570 
102 vs 336 
386 vs 1036 
450 vs 1621 
151 vs 211 
421 vs 1036 
290 vs 290 
300 vs 300 
300 vs 300 
180 vs 894 
359 vs 359 
317 vs 317 
52 vs 1214 
359 vs 359 
317 vs 317 
359 vs 359 
317 vs 317 
359 vs 359 
180 vs 894 
52 vs 1265 
2725 vs 4951 
3781 vs 4967 
3841 vs 4967 
2739 vs 4973 
2980 vs 4967 
3175 vs 4967 
20 vs 109 
2741 vs 4967 
2978 vs 4973 
3173 vs 4973 
3787 vs 4973 
2964 vs 4951 
3847 vs 4973 
3159 vs 4951 
3765 vs 4951 
3825 vs 4951 
20 vs 590 
267 vs 452 
470 vs 560 
267 vs 486 
991 vs 1081 
293 vs 656 
343 vs 510 
267 vs 473 
595 vs 685 
824 vs 914 
363 vs 825 
446 vs 616 
344 vs 806 
138 vs 241 
370 vs 2275 
342 vs 806 
140 vs 241 
361 vs 825 
446 vs 725 
361 vs 2266 
396 vs 2301 
361 vs 2266 
396 vs 2301 
64 vs 587 
370 vs 2275 
64 vs 623 
101 vs 312 
143 vs 314 
187 vs 317 
65 vs 335 
148 vs 312 
221 vs 312 
465 vs 589 
319 vs 318 
380 vs 562 
419 vs 567 
468 vs 592 
217 vs 341 
420 vs 602 
389 vs 571 
335 vs 517 
426 vs 1556 
380 vs 528 
340 vs 522 
380 vs 562 
335 vs 517 
300 vs 482 
157 vs 222 
319 vs 656 
326 vs 508 
215 vs 397 
245 vs 739 
403 vs 585 
420 vs 602 
420 vs 568 
255 vs 320 
198 vs 250 
427 vs 446 
198 vs 263 
151 vs 203 
227 vs 323 
255 vs 307 
227 vs 323 
131 vs 272 
387 vs 406 
131 vs 272 
131 vs 263 
131 vs 263 
345 vs 935 
181 vs 297 
724 vs 723 
356 vs 946 
134 vs 250 
181 vs 298 
178 vs 210 
243 vs 270 
118 vs 145 
159 vs 321 
76 vs 176 
176 vs 338 
133 vs 152 
139 vs 176 
76 vs 238 
7 vs 230 
313 vs 350 
193 vs 230 
220 vs 265 
2317 vs 3623 
7 vs 410 
2601 vs 3623 
7 vs 45 
373 vs 410 
583 vs 3623 
450 vs 654 
273 vs 318 
352 vs 469 
316 vs 557 
450 vs 691 
450 vs 690 
497 vs 609 
305 vs 1943 
155 vs 783 
760 vs 872 
23 vs 1465 
23 vs 866 
305 vs 1374 
226 vs 611 
225 vs 1264 
753 vs 865 
305 vs 933 
305 vs 1349 
1326 vs 1465 
23 vs 932 
23 vs 906 
1643 vs 1943 
236 vs 1215 
116 vs 188 
36 vs 1215 
2 vs 129 
155 vs 172 
116 vs 585 
116 vs 585 
91 vs 1128 
317 vs 2214 
689 vs 1359 
1177 vs 2214 
751 vs 1788 
317 vs 2214 
475 vs 1359 
1177 vs 2214 
483 vs 846 
551 vs 763 
154 vs 196 
601 vs 836 
93 vs 194 
431 vs 794 
601 vs 813 
411 vs 641 
411 vs 906 
453 vs 816 
411 vs 923 
431 vs 794 
411 vs 923 
230 vs 735 
478 vs 841 
411 vs 644 
411 vs 609 
411 vs 597 
58 vs 95 
58 vs 95 
411 vs 704 
311 vs 348 
199 vs 236 
262 vs 299 
248 vs 285 
71 vs 108 
75 vs 112 
211 vs 248 
83 vs 120 
232 vs 269 
65 vs 102 
1388 vs 1460 
404 vs 817 
397 vs 810 
1269 vs 1341 
398 vs 811 
1269 vs 1341 
397 vs 810 
271 vs 1309 
917 vs 1247 
136 vs 714 
247 vs 1284 
76 vs 191 
11 vs 589 
46 vs 608 
106 vs 191 
228 vs 478 
615 vs 719 
240 vs 1277 
106 vs 320 
1221 vs 1493 
615 vs 1435 
136 vs 698 
142 vs 261 
591 vs 863 
142 vs 704 
65 vs 191 
549 vs 719 
76 vs 320 
652 vs 1493 
523 vs 953 
46 vs 539 
31 vs 491 
371 vs 801 
65 vs 320 
549 vs 1435 
22 vs 863 
65 vs 586 
580 vs 1010 
73 vs 594 
65 vs 586 
65 vs 594 
65 vs 539 
58 vs 587 
65 vs 594 
65 vs 201 
650 vs 1684 
643 vs 981 
643 vs 961 
643 vs 1539 
621 vs 809 
650 vs 1785 
643 vs 1955 
606 vs 1915 
648 vs 1681 
643 vs 1952 
254 vs 1150 
643 vs 1957 
621 vs 1932 
261 vs 809 
283 vs 719 
283 vs 1886 
283 vs 1957 
261 vs 1932 
283 vs 329 
283 vs 961 
283 vs 1539 
288 vs 1681 
283 vs 1952 
283 vs 1785 
283 vs 1684 
283 vs 650 
283 vs 654 
283 vs 1955 
246 vs 1915 
283 vs 981 
3154 vs 4377 
96 vs 895 
102 vs 255 
431 vs 947 
96 vs 376 
96 vs 193 
87 vs 240 
199 vs 234 
541 vs 1057 
66 vs 327 
148 vs 2136 
541 vs 1049 
96 vs 895 
66 vs 327 
541 vs 979 
41 vs 226 
297 vs 332 
1766 vs 2136 
66 vs 251 
49 vs 310 
637 vs 1226 
634 vs 1223 
170 vs 195 
198 vs 526 
15 vs 352 
285 vs 475 
15 vs 235 
198 vs 524 
15 vs 263 
981 vs 1066 
882 vs 2073 
1049 vs 1134 
199 vs 253 
230 vs 260 
590 vs 1781 
721 vs 806 
199 vs 326 
262 vs 478 
232 vs 262 
590 vs 1781 
242 vs 327 
699 vs 1890 
586 vs 1239 
586 vs 1205 
79 vs 264 
199 vs 415 
586 vs 1178 
521 vs 1171 
70 vs 180 
590 vs 1781 
586 vs 1236 
586 vs 1177 
265 vs 886 
523 vs 1167 
586 vs 1219 
447 vs 1042 
537 vs 1182 
586 vs 1288 
560 vs 1209 
560 vs 1152 
586 vs 1240 
9 vs 720 
9 vs 696 
259 vs 618 
255 vs 619 
133 vs 472 
59 vs 486 
263 vs 343 
88 vs 684 
371 vs 398 
319 vs 399 
375 vs 474 
255 vs 614 
263 vs 403 
89 vs 516 
88 vs 698 
319 vs 399 
986 vs 2051 
986 vs 2061 
414 vs 858 
290 vs 1056 
986 vs 2061 
548 vs 858 
361 vs 1177 
1612 vs 1994 
1552 vs 1994 
1612 vs 1994 
328 vs 509 
973 vs 2048 
376 vs 557 
1920 vs 2302 
1552 vs 1994 
192 vs 490 
1860 vs 2302 
192 vs 490 
90 vs 388 
192 vs 490 
1860 vs 2302 
1920 vs 2302 
192 vs 393 
491 vs 490 
90 vs 388 
192 vs 393 
106 vs 307 
322 vs 517 
457 vs 517 
315 vs 510 
450 vs 510 
389 vs 388 
306 vs 433 
390 vs 433 
106 vs 307 
327 vs 522 
462 vs 522 
329 vs 456 
207 vs 402 
342 vs 402 
177 vs 372 
312 vs 372 
952 vs 1247 
329 vs 421 
298 vs 409 
329 vs 404 
298 vs 1534 
177 vs 372 
312 vs 372 
413 vs 456 
281 vs 781 
463 vs 479 
66 vs 778 
298 vs 1461 
562 vs 581 
66 vs 778 
433 vs 449 
433 vs 449 
368 vs 1601 
286 vs 745 
1059 vs 1179 
442 vs 1545 
299 vs 392 
133 vs 745 
320 vs 413 
771 vs 838 
776 vs 843 
771 vs 838 
368 vs 1577 
247 vs 631 
467 vs 631 
1500 vs 1664 
227 vs 1859 
41 vs 376 
143 vs 417 
1280 vs 1664 
1236 vs 1400 
550 vs 551 
1047 vs 1665 
143 vs 1497 
278 vs 350 
203 vs 275 
449 vs 547 
247 vs 257 
143 vs 1415 
41 vs 332 
449 vs 547 
408 vs 997 
93 vs 674 
1048 vs 1637 
337 vs 465 
93 vs 674 
449 vs 547 
1545 vs 1738 
93 vs 706 
1510 vs 1703 
1537 vs 1730 
1502 vs 1695 
234 vs 469 
319 vs 649 
94 vs 384 
319 vs 631 
224 vs 252 
434 vs 467 
72 vs 349 
291 vs 1379 
259 vs 498 
93 vs 384 
90 vs 575 
291 vs 398 
298 vs 334 
327 vs 371 
32 vs 325 
319 vs 456 
913 vs 1154 
270 vs 518 
270 vs 518 
174 vs 422 
263 vs 511 
267 vs 515 
155 vs 403 
659 vs 2413 
659 vs 2413 
649 vs 2403 
649 vs 2403 
5 vs 335 
44 vs 445 
339 vs 569 
397 vs 662 
102 vs 367 
478 vs 743 
445 vs 756 
1579 vs 2896 
282 vs 468 
175 vs 590 
1624 vs 2715 
1939 vs 3256 
184 vs 1141 
282 vs 468 
217 vs 368 
175 vs 499 
395 vs 1865 
694 vs 902 
694 vs 902 
249 vs 1749 
287 vs 495 
344 vs 530 
344 vs 530 
249 vs 1751 
564 vs 772 
694 vs 721 
344 vs 383 
264 vs 461 
58 vs 285 
264 vs 461 
188 vs 278 
264 vs 461 
189 vs 279 
722 vs 930 
489 vs 1647 
491 vs 1649 
264 vs 461 
264 vs 461 
264 vs 461 
264 vs 461 
490 vs 1648 
487 vs 1645 
264 vs 461 
893 vs 2817 
491 vs 1494 
77 vs 182 
2285 vs 5762 
2288 vs 5765 
77 vs 182 
893 vs 1780 
130 vs 143 
77 vs 182 
77 vs 182 
877 vs 920 
877 vs 1726 
877 vs 1638 
4 vs 289 
894 vs 937 
877 vs 1800 
45 vs 792 
142 vs 314 
2 vs 261 
28 vs 316 
230 vs 315 
2 vs 261 
159 vs 323 
309 vs 394 
319 vs 318 
318 vs 317 
201 vs 516 
102 vs 316 
147 vs 462 
313 vs 312 
173 vs 488 
201 vs 842 
102 vs 313 
4304 vs 4753 
106 vs 317 
71 vs 142 
4304 vs 4753 
217 vs 308 
27 vs 322 
169 vs 173 
92 vs 128 
81 vs 128 
81 vs 328 
63 vs 128 
63 vs 328 
178 vs 203 
448 vs 473 
432 vs 514 
432 vs 514 
400 vs 514 
213 vs 327 
218 vs 514 
159 vs 314 
121 vs 514 
80 vs 473 
79 vs 215 
120 vs 514 
120 vs 514 
79 vs 473 
405 vs 491 
400 vs 1287 
376 vs 807 
400 vs 1241 
272 vs 976 
272 vs 934 
272 vs 934 
677 vs 1112 
988 vs 1112 
272 vs 1124 
626 vs 1061 
937 vs 1061 
272 vs 1103 
1178 vs 1581 
640 vs 1112 
5 vs 501 
489 vs 899 
2 vs 204 
364 vs 2925 
589 vs 1061 
291 vs 2852 
1179 vs 1582 
331 vs 330 
2216 vs 2429 
2206 vs 2419 
2219 vs 2432 
61 vs 810 
14 vs 685 
2152 vs 2365 
852 vs 913 
61 vs 763 
2275 vs 2488 
26 vs 913 
2204 vs 2417 
89 vs 838 
1280 vs 1493 
1280 vs 1493 
61 vs 753 
222 vs 294 
344 vs 422 
358 vs 436 
100 vs 422 
358 vs 436 
114 vs 436 
100 vs 422 
488 vs 1079 
222 vs 277 
344 vs 422 
1016 vs 1079 
100 vs 422 
114 vs 436 
344 vs 422 
344 vs 422 
358 vs 436 
100 vs 422 
114 vs 436 
100 vs 422 
20 vs 128 
20 vs 130 
20 vs 128 
52 vs 115 
20 vs 128 
358 vs 436 
344 vs 422 
446 vs 694 
114 vs 436 
20 vs 128 
20 vs 128 
250 vs 1079 
446 vs 709 
134 vs 189 
20 vs 128 
20 vs 108 
20 vs 128 
20 vs 128 
365 vs 628 
446 vs 694 
20 vs 128 
20 vs 119 
446 vs 709 
446 vs 501 
219 vs 274 
431 vs 486 
142 vs 271 
199 vs 522 
148 vs 157 
319 vs 501 
199 vs 522 
138 vs 248 
463 vs 501 
73 vs 138 
138 vs 146 
150 vs 1208 
138 vs 248 
150 vs 1298 
650 vs 1972 
150 vs 1269 
650 vs 2032 
650 vs 2039 
150 vs 1269 
150 vs 1179 
150 vs 1238 
150 vs 1238 
355 vs 1905 
650 vs 1972 
717 vs 824 
300 vs 309 
90 vs 121 
757 vs 904 
755 vs 902 
75 vs 74 
303 vs 309 
300 vs 309 
755 vs 902 
27 vs 303 
93 vs 328 
208 vs 309 
287 vs 370 
136 vs 315 
37 vs 312 
41 vs 309 
208 vs 309 
351 vs 452 
184 vs 452 
351 vs 452 
276 vs 312 
285 vs 361 
49 vs 225 
142 vs 193 
142 vs 420 
425 vs 512 
370 vs 457 
360 vs 436 
349 vs 425 
142 vs 204 
407 vs 494 
349 vs 425 
37 vs 325 
74 vs 200 
53 vs 302 
100 vs 314 
76 vs 173 
161 vs 325 
75 vs 324 
725 vs 734 
152 vs 570 
53 vs 68 
75 vs 417 
53 vs 79 
152 vs 529 
695 vs 704 
359 vs 567 
695 vs 704 
84 vs 333 
90 vs 315 
763 vs 1023 
50 vs 392 
454 vs 662 
471 vs 679 
379 vs 955 
504 vs 712 
764 vs 1024 
301 vs 537 
875 vs 1111 
50 vs 289 
350 vs 464 
733 vs 966 
286 vs 746 
141 vs 140 
910 vs 1151 
50 vs 263 
286 vs 398 
303 vs 619 
3365 vs 5890 
346 vs 603 
16 vs 351 
711 vs 944 
50 vs 81 
286 vs 398 
619 vs 852 
50 vs 263 
350 vs 462 
35 vs 150 
350 vs 462 
303 vs 356 
14 vs 238 
303 vs 356 
166 vs 219 
614 vs 847 
75 vs 121 
286 vs 398 
475 vs 1013 
286 vs 747 
182 vs 553 
169 vs 202 
303 vs 619 
382 vs 920 
393 vs 541 
14 vs 553 
393 vs 541 
74 vs 216 
202 vs 541 
494 vs 1032 
220 vs 381 
229 vs 568 
14 vs 238 
400 vs 422 
184 vs 523 
95 vs 237 
48 vs 249 
55 vs 197 
182 vs 198 
401 vs 423 
410 vs 615 
410 vs 615 
401 vs 423 
96 vs 610 
96 vs 615 
96 vs 615 
370 vs 575 
96 vs 615 
96 vs 261 
370 vs 433 
405 vs 610 
410 vs 615 
410 vs 615 
55 vs 118 
96 vs 575 
96 vs 615 
96 vs 146 
96 vs 615 
96 vs 281 
405 vs 610 
96 vs 555 
96 vs 146 
405 vs 610 
410 vs 615 
64 vs 65 
96 vs 610 
55 vs 129 
96 vs 610 
96 vs 346 
109 vs 1551 
224 vs 714 
55 vs 129 
224 vs 714 
64 vs 65 
204 vs 665 
347 vs 781 
224 vs 714 
133 vs 162 
224 vs 714 
119 vs 191 
347 vs 808 
347 vs 787 
43 vs 247 
347 vs 775 
224 vs 714 
159 vs 271 
170 vs 199 
347 vs 791 
123 vs 235 
637 vs 2034 
43 vs 164 
164 vs 193 
347 vs 780 
607 vs 2034 
37 vs 158 
57 vs 169 
686 vs 802 
19 vs 605 
124 vs 783 
19 vs 617 
10 vs 118 
32 vs 1178 
308 vs 518 
45 vs 144 
2 vs 849 
395 vs 605 
32 vs 529 
111 vs 210 
308 vs 518 
32 vs 1178 
10 vs 210 
32 vs 1178 
232 vs 596 
45 vs 255 
314 vs 394 
308 vs 518 
229 vs 1615 
579 vs 659 
10 vs 144 
161 vs 180 
227 vs 773 
129 vs 205 
471 vs 508 
229 vs 471 
129 vs 150 
815 vs 1615 
780 vs 840 
1397 vs 1473 
227 vs 756 
44 vs 120 
227 vs 773 
164 vs 204 
635 vs 695 
1177 vs 1253 
44 vs 195 
780 vs 840 
1774 vs 1850 
227 vs 756 
1052 vs 1128 
926 vs 986 
1394 vs 1470 
33 vs 81 
926 vs 986 
490 vs 851 
1178 vs 1254 
19 vs 304 
19 vs 1850 
33 vs 113 
493 vs 707 
463 vs 677 
33 vs 327 
118 vs 257 
19 vs 304 
490 vs 2115 
448 vs 662 
271 vs 327 
490 vs 2101 
29 vs 146 
60 vs 826 
118 vs 257 
118 vs 257 
434 vs 648 
292 vs 506 
490 vs 691 
498 vs 712 
175 vs 941 
463 vs 501 
166 vs 932 
118 vs 257 
166 vs 932 
101 vs 315 
168 vs 934 
126 vs 1178 
126 vs 2175 
257 vs 276 
115 vs 2166 
792 vs 1410 
126 vs 2215 
823 vs 1441 
1117 vs 1410 
624 vs 803 
1148 vs 1441 
571 vs 1189 
896 vs 1189 
80 vs 165 
2746 vs 2769 
37 vs 870 
29 vs 74 
58 vs 74 
37 vs 866 
113 vs 975 
142 vs 975 
37 vs 852 
142 vs 975 
113 vs 975 
197 vs 298 
197 vs 1212 
18 vs 375 
197 vs 942 
197 vs 1180 
197 vs 1180 
30 vs 87 
197 vs 1212 
18 vs 452 
121 vs 362 
627 vs 680 
608 vs 852 
658 vs 711 
104 vs 906 
654 vs 707 
154 vs 956 
655 vs 708 
763 vs 1026 
154 vs 543 
735 vs 918 
742 vs 931 
837 vs 1100 
837 vs 911 
269 vs 467 
837 vs 1100 
837 vs 1100 
687 vs 876 
2773 vs 4307 
626 vs 815 
664 vs 853 
245 vs 344 
934 vs 1117 
1149 vs 4307 
2773 vs 4314 
51 vs 370 
1149 vs 4314 
45 vs 364 
74 vs 206 
136 vs 780 
202 vs 894 
325 vs 357 
46 vs 77 
23 vs 313 
202 vs 742 
23 vs 313 
83 vs 553 
83 vs 623 
1875 vs 3056 
136 vs 780 
23 vs 190 
23 vs 246 
1875 vs 3056 
23 vs 313 
471 vs 711 
28 vs 448 
465 vs 705 
394 vs 430 
146 vs 238 
465 vs 732 
152 vs 516 
465 vs 732 
693 vs 765 
37 vs 457 
465 vs 669 
237 vs 765 
22 vs 264 
146 vs 478 
37 vs 388 
131 vs 463 
405 vs 441 
103 vs 264 
146 vs 510 
22 vs 264 
152 vs 484 
183 vs 365 
257 vs 485 
103 vs 264 
176 vs 467 
183 vs 559 
391 vs 619 
176 vs 501 
378 vs 396 
973 vs 2113 
76 vs 376 
176 vs 476 
76 vs 401 
870 vs 1460 
703 vs 1843 
1264 vs 3969 
320 vs 366 
713 vs 1066 
70 vs 160 
1297 vs 1439 
1470 vs 3931 
287 vs 372 
185 vs 538 
111 vs 125 
220 vs 366 
1570 vs 3931 
720 vs 1073 
153 vs 1439 
14 vs 366 
1264 vs 3972 
1611 vs 3972 
1264 vs 3931 
1508 vs 3969 
1508 vs 3972 
1608 vs 3969 
128 vs 269 
345 vs 707 
128 vs 167 
464 vs 975 
464 vs 975 
93 vs 391 
464 vs 921 
152 vs 210 
581 vs 956 
464 vs 975 
464 vs 921 
152 vs 210 
1956 vs 2155 
581 vs 956 
262 vs 312 
1956 vs 2155 
36 vs 646 
36 vs 178 
36 vs 646 
176 vs 500 
36 vs 393 
36 vs 137 
36 vs 171 
322 vs 493 
322 vs 646 
36 vs 187 
36 vs 500 
303 vs 627 
354 vs 648 
322 vs 646 
322 vs 646 
86 vs 410 
36 vs 493 
36 vs 132 
36 vs 627 
36 vs 183 
36 vs 168 
36 vs 646 
354 vs 648 
354 vs 648 
385 vs 390 
7 vs 507 
324 vs 323 
7 vs 179 
35 vs 346 
551 vs 962 
326 vs 481 
7 vs 559 
7 vs 208 
551 vs 951 
326 vs 481 
81 vs 275 
668 vs 1324 
290 vs 1299 
302 vs 987 
193 vs 435 
643 vs 1299 
290 vs 1299 
81 vs 275 
643 vs 1299 
643 vs 1299 
653 vs 987 
290 vs 1299 
315 vs 1324 
214 vs 950 
750 vs 992 
1265 vs 1498 
707 vs 950 
130 vs 372 
278 vs 889 
125 vs 950 
750 vs 803 
130 vs 372 
170 vs 194 
597 vs 602 
505 vs 510 
120 vs 312 
120 vs 312 
234 vs 520 
508 vs 552 
50 vs 203 
416 vs 998 
508 vs 552 
234 vs 519 
235 vs 998 
349 vs 545 
234 vs 520 
350 vs 758 
417 vs 999 
236 vs 999 
84 vs 83 
631 vs 637 
490 vs 998 
354 vs 562 
491 vs 999 
491 vs 999 
417 vs 999 
236 vs 999 
49 vs 919 
382 vs 790 
238 vs 260 
354 vs 559 
19 vs 372 
382 vs 790 
382 vs 495 
49 vs 118 
37 vs 122 
100 vs 275 
313 vs 335 
100 vs 192 
47 vs 255 
117 vs 284 
49 vs 1401 
49 vs 81 
313 vs 335 
354 vs 563 
313 vs 335 
271 vs 293 
47 vs 256 
226 vs 391 
595 vs 1190 
100 vs 275 
100 vs 125 
487 vs 551 
100 vs 212 
44 vs 73 
19 vs 372 
100 vs 275 
100 vs 275 
100 vs 275 
100 vs 262 
137 vs 304 
421 vs 588 
226 vs 391 
671 vs 735 
269 vs 434 
150 vs 315 
595 vs 1190 
269 vs 434 
269 vs 434 
293 vs 487 
763 vs 968 
308 vs 314 
99 vs 580 
126 vs 194 
751 vs 956 
932 vs 1121 
450 vs 1154 
894 vs 1156 
123 vs 1109 
467 vs 1154 
438 vs 1109 
932 vs 1156 
894 vs 1121 
920 vs 1109 
965 vs 1154 
882 vs 1109 
455 vs 1109 
927 vs 1154 
135 vs 1154 
467 vs 1156 
450 vs 1121 
450 vs 1156 
467 vs 1121 
135 vs 1121 
490 vs 1454 
135 vs 1156 
760 vs 1474 
222 vs 247 
40 vs 1004 
119 vs 188 
8 vs 200 
215 vs 228 
142 vs 164 
32 vs 80 
176 vs 201 
211 vs 280 
208 vs 225 
142 vs 199 
31 vs 207 
101 vs 149 
178 vs 247 
143 vs 168 
222 vs 247 
215 vs 233 
215 vs 233 
96 vs 103 
197 vs 215 
197 vs 215 
132 vs 296 
298 vs 415 
154 vs 198 
77 vs 88 
132 vs 309 
64 vs 416 
1104 vs 1105 
105 vs 452 
154 vs 205 
298 vs 415 
254 vs 822 
199 vs 822 
3 vs 3 
522 vs 553 
254 vs 822 
199 vs 200 
254 vs 822 
22 vs 68 
923 vs 1445 
199 vs 822 
199 vs 822 
923 vs 1445 
5 vs 608 
5 vs 415 
964 vs 1486 
3 vs 413 
342 vs 503 
5 vs 53 
5 vs 45 
297 vs 299 
5 vs 45 
3 vs 606 
342 vs 517 
253 vs 691 
126 vs 301 
96 vs 211 
113 vs 274 
887 vs 1513 
757 vs 1549 
96 vs 649 
96 vs 96 
96 vs 649 
96 vs 199 
96 vs 131 
96 vs 106 
721 vs 1513 
98 vs 642 
101 vs 241 
923 vs 1549 
550 vs 1176 
757 vs 1549 
923 vs 1549 
384 vs 1176 
111 vs 763 
98 vs 750 
84 vs 124 
98 vs 750 
98 vs 144 
76 vs 128 
101 vs 753 
101 vs 509 
98 vs 642 
76 vs 728 
185 vs 225 
440 vs 2701 
224 vs 223 
84 vs 605 
29 vs 108 
185 vs 706 
738 vs 1077 
330 vs 361 
294 vs 405 
330 vs 441 
1091 vs 1274 
70 vs 126 
752 vs 905 
330 vs 441 
330 vs 362 
300 vs 411 
294 vs 405 
533 vs 706 
454 vs 793 
787 vs 1127 
787 vs 960 
1126 vs 1309 
1126 vs 1309 
275 vs 652 
103 vs 342 
571 vs 1018 
504 vs 1661 
88 vs 652 
284 vs 523 
275 vs 477 
990 vs 2527 
504 vs 1621 
88 vs 477 
504 vs 1674 
571 vs 627 
198 vs 394 
5 vs 207 
3102 vs 3630 
504 vs 1637 
11 vs 394 
571 vs 627 
504 vs 1675 
38 vs 701 
11 vs 394 
198 vs 394 
560 vs 1007 
990 vs 1271 
571 vs 1018 
571 vs 627 
337 vs 816 
1719 vs 1910 
38 vs 701 
490 vs 931 
412 vs 1504 
337 vs 816 
38 vs 126 
360 vs 839 
785 vs 1148 
81 vs 245 
412 vs 1910 
38 vs 701 
202 vs 935 
469 vs 929 
38 vs 365 
387 vs 866 
406 vs 1639 
882 vs 1639 
1164 vs 1639 
1180 vs 1639 
336 vs 815 
336 vs 768 
336 vs 815 
469 vs 929 
291 vs 339 
469 vs 910 
555 vs 1835 
1031 vs 1835 
451 vs 892 
1313 vs 1835 
1100 vs 1463 
1329 vs 1835 
262 vs 1463 
908 vs 1271 
165 vs 1445 
70 vs 1271 
641 vs 1445 
923 vs 1445 
939 vs 1445 
178 vs 506 
1100 vs 1463 
262 vs 1463 
102 vs 110 
509 vs 643 
509 vs 643 
509 vs 644 
9 vs 101 
509 vs 644 
64 vs 127 
137 vs 142 
509 vs 644 
150 vs 317 
994 vs 1168 
9 vs 127 
64 vs 127 
5425 vs 5537 
9 vs 127 
941 vs 1115 
8 vs 71 
5282 vs 5537 
434 vs 1083 
941 vs 1115 
221 vs 711 
106 vs 218 
3793 vs 5537 
886 vs 1334 
2282 vs 5537 
3982 vs 5537 
2734 vs 5537 
1927 vs 5537 
59 vs 334 
425 vs 1083 
601 vs 1004 
405 vs 653 
116 vs 195 
117 vs 195 
112 vs 111 
117 vs 392 
117 vs 351 
482 vs 730 
110 vs 147 
155 vs 184 
56 vs 144 
123 vs 334 
117 vs 195 
181 vs 392 
181 vs 351 
52 vs 195 
281 vs 531 
263 vs 491 
476 vs 724 
148 vs 236 
110 vs 155 
41 vs 98 
679 vs 1071 
599 vs 747 
405 vs 653 
475 vs 723 
78 vs 565 
27 vs 109 
216 vs 304 
285 vs 373 
222 vs 260 
155 vs 243 
652 vs 1093 
599 vs 747 
276 vs 533 
52 vs 539 
272 vs 360 
171 vs 179 
239 vs 290 
55 vs 110 
113 vs 158 
475 vs 505 
282 vs 539 
599 vs 638 
51 vs 531 
599 vs 747 
308 vs 565 
652 vs 1093 
78 vs 533 
679 vs 1071 
599 vs 747 
599 vs 638 
423 vs 453 
187 vs 507 
357 vs 564 
90 vs 178 
516 vs 546 
260 vs 523 
361 vs 543 
113 vs 120 
200 vs 590 
361 vs 529 
195 vs 564 
87 vs 86 
120 vs 413 
72 vs 152 
6 vs 422 
120 vs 269 
138 vs 431 
138 vs 431 
243 vs 260 
581 vs 1049 
66 vs 495 
243 vs 260 
107 vs 536 
87 vs 516 
817 vs 1049 
20 vs 90 
209 vs 312 
216 vs 215 
512 vs 545 
216 vs 215 
174 vs 394 
163 vs 187 
175 vs 174 
6 vs 151 
6 vs 130 
1017 vs 1208 
1069 vs 1903 
323 vs 1873 
213 vs 218 
291 vs 407 
50 vs 135 
50 vs 103 
353 vs 1903 
448 vs 529 
514 vs 705 
78 vs 688 
162 vs 1043 
166 vs 282 
1041 vs 1875 
1071 vs 1905 
325 vs 1875 
499 vs 518 
50 vs 135 
3 vs 277 
151 vs 218 
1016 vs 1207 
291 vs 344 
596 vs 1043 
146 vs 262 
7 vs 837 
318 vs 317 
1039 vs 1873 
50 vs 103 
50 vs 121 
510 vs 529 
437 vs 518 
50 vs 103 
355 vs 1905 
263 vs 284 
596 vs 1043 
434 vs 688 
240 vs 1043 
50 vs 121 
50 vs 135 
50 vs 121 
78 vs 881 
162 vs 1043 
434 vs 881 
240 vs 1043 
689 vs 1003 
673 vs 1003 
200 vs 943 
382 vs 1003 
174 vs 504 
190 vs 504 
382 vs 1003 
689 vs 1003 
673 vs 1003 
289 vs 1032 
257 vs 276 
122 vs 124 
1461 vs 1688 
64 vs 183 
1484 vs 1711 
449 vs 584 
130 vs 443 
1490 vs 1717 
1491 vs 1676 
417 vs 552 
1490 vs 1675 
314 vs 761 
217 vs 379 
1491 vs 1718 
375 vs 1076 
856 vs 962 
324 vs 443 
203 vs 303 
477 vs 924 
151 vs 729 
739 vs 770 
397 vs 532 
375 vs 1056 
17 vs 679 
361 vs 496 
40 vs 44 
200 vs 647 
427 vs 1113 
195 vs 283 
242 vs 928 
12 vs 280 
427 vs 1128 
1199 vs 1230 
319 vs 876 
17 vs 714 
17 vs 222 
17 vs 69 
11 vs 21 
404 vs 1907 
222 vs 2127 
196 vs 545 
591 vs 1407 
494 vs 1997 
404 vs 1907 
63 vs 412 
494 vs 1907 
222 vs 2215 
221 vs 1583 
63 vs 198 
712 vs 2215 
711 vs 1583 
102 vs 451 
51 vs 101 
712 vs 2127 
101 vs 1407 
308 vs 657 
123 vs 228 
63 vs 412 
143 vs 266 
203 vs 490 
51 vs 110 
10 vs 266 
736 vs 2363 
10 vs 148 
729 vs 728 
1994 vs 2186 
1066 vs 1258 
871 vs 911 
10 vs 238 
736 vs 2186 
2171 vs 2363 
736 vs 2385 
793 vs 799 
33 vs 752 
2193 vs 2385 
736 vs 2363 
2171 vs 2363 
61 vs 253 
23 vs 215 
1578 vs 2332 
36 vs 101 
1590 vs 2344 
2 vs 130 
36 vs 233 
292 vs 603 
282 vs 637 
30 vs 180 
34 vs 316 
282 vs 836 
373 vs 730 
219 vs 623 
7 vs 507 
276 vs 830 
266 vs 623 
276 vs 830 
1172 vs 1722 
42 vs 71 
282 vs 836 
326 vs 730 
282 vs 637 
81 vs 316 
114 vs 273 
484 vs 1184 
227 vs 963 
979 vs 1411 
114 vs 245 
484 vs 1220 
11 vs 115 
484 vs 1220 
934 vs 1374 
268 vs 1374 
484 vs 1176 
11 vs 121 
34 vs 129 
11 vs 121 
11 vs 199 
11 vs 130 
89 vs 145 
48 vs 159 
934 vs 1206 
11 vs 103 
510 vs 1568 
86 vs 181 
268 vs 1206 
11 vs 199 
934 vs 1430 
268 vs 1430 
2630 vs 3096 
48 vs 142 
48 vs 407 
1919 vs 3096 
206 vs 476 
572 vs 589 
155 vs 425 
351 vs 475 
916 vs 955 
212 vs 482 
202 vs 472 
293 vs 1164 
279 vs 1132 
289 vs 920 
682 vs 929 
202 vs 270 
522 vs 539 
831 vs 955 
436 vs 475 
639 vs 2785 
216 vs 486 
293 vs 1141 
274 vs 1127 
293 vs 1141 
324 vs 955 
831 vs 955 
351 vs 475 
351 vs 475 
881 vs 920 
796 vs 920 
436 vs 475 
318 vs 1148 
293 vs 1146 
293 vs 1123 
293 vs 1173 
306 vs 1154 
128 vs 2785 
280 vs 1139 
267 vs 1120 
351 vs 475 
796 vs 920 
503 vs 610 
318 vs 1171 
281 vs 1134 
194 vs 1024 
62 vs 208 
62 vs 326 
51 vs 122 
62 vs 326 
95 vs 94 
477 vs 548 
1374 vs 2551 
1914 vs 2551 
379 vs 661 
14 vs 279 
594 vs 923 
94 vs 118 
269 vs 801 
156 vs 196 
167 vs 166 
19 vs 173 
105 vs 150 
269 vs 316 
1294 vs 2458 
94 vs 149 
330 vs 2458 
33 vs 166 
1224 vs 2388 
105 vs 261 
242 vs 247 
156 vs 347 
105 vs 121 
330 vs 2388 
838 vs 2458 
105 vs 261 
1294 vs 2458 
167 vs 166 
128 vs 155 
838 vs 2388 
330 vs 2458 
838 vs 2458 
190 vs 260 
368 vs 592 
354 vs 573 
129 vs 245 
368 vs 587 
129 vs 245 
129 vs 245 
1218 vs 4246 
35 vs 151 
374 vs 694 
186 vs 302 
1244 vs 4272 
221 vs 337 
325 vs 645 
347 vs 593 
347 vs 460 
968 vs 3996 
325 vs 645 
374 vs 694 
121 vs 719 
374 vs 694 
370 vs 690 
415 vs 888 
121 vs 172 
374 vs 694 
415 vs 888 
121 vs 687 
493 vs 960 
118 vs 620 
343 vs 816 
30 vs 204 
275 vs 748 
369 vs 621 
493 vs 960 
478 vs 1434 
369 vs 628 
493 vs 960 
21 vs 225 
37 vs 540 
184 vs 898 
478 vs 1468 
319 vs 573 
188 vs 187 
184 vs 898 
37 vs 189 
82 vs 185 
328 vs 611 
63 vs 244 
563 vs 2671 
204 vs 533 
204 vs 498 
204 vs 588 
204 vs 541 
204 vs 541 
204 vs 556 
171 vs 354 
204 vs 545 
204 vs 490 
11 vs 339 
204 vs 588 
204 vs 588 
252 vs 803 
453 vs 656 
376 vs 443 
252 vs 1427 
252 vs 350 
11 vs 339 
481 vs 1149 
210 vs 393 
481 vs 941 
252 vs 428 
268 vs 471 
252 vs 1427 
252 vs 1438 
252 vs 1392 
252 vs 1316 
1951 vs 2209 
112 vs 208 
876 vs 1134 
1265 vs 1392 
59 vs 387 
177 vs 352 
31 vs 308 
264 vs 352 
97 vs 600 
31 vs 258 
1266 vs 1393 
770 vs 4471 
1266 vs 1393 
1406 vs 4471 
255 vs 299 
168 vs 299 
177 vs 352 
1265 vs 1392 
97 vs 569 
21 vs 177 
1834 vs 2521 
62 vs 156 
264 vs 352 
31 vs 67 
651 vs 2075 
97 vs 191 
31 vs 210 
1388 vs 2075 
1090 vs 2514 
4427 vs 4471 
2267 vs 4471 
2409 vs 4471 
1827 vs 2514 
1097 vs 2521 
1098 vs 1451 
1818 vs 2459 
157 vs 225 
1817 vs 2504 
257 vs 590 
1080 vs 2458 
1081 vs 2459 
1817 vs 2458 
1080 vs 2504 
534 vs 645 
430 vs 1099 
89 vs 288 
745 vs 1078 
17 vs 228 
203 vs 637 
194 vs 906 
665 vs 1099 
527 vs 906 
626 vs 1052 
534 vs 645 
89 vs 287 
353 vs 1099 
74 vs 112 
162 vs 874 
495 vs 874 
181 vs 560 
14 vs 393 
8 vs 307 
220 vs 2286 
988 vs 2286 
460 vs 1134 
220 vs 310 
39 vs 121 
460 vs 1498 
1031 vs 2286 
768 vs 1163 
39 vs 167 
1004 vs 2259 
811 vs 1163 
193 vs 2259 
460 vs 1390 
961 vs 2259 
460 vs 1134 
82 vs 195 
39 vs 110 
77 vs 379 
460 vs 1498 
828 vs 947 
667 vs 786 
302 vs 867 
828 vs 947 
77 vs 379 
302 vs 860 
1460 vs 3829 
2210 vs 4579 
2210 vs 4579 
627 vs 855 
65 vs 1188 
355 vs 633 
857 vs 996 
1303 vs 1581 
481 vs 599 
25 vs 1123 
1303 vs 1623 
569 vs 887 
469 vs 587 
854 vs 993 
813 vs 952 
38 vs 556 
257 vs 575 
369 vs 687 
820 vs 1338 
2151 vs 3013 
731 vs 3013 
2390 vs 3013 
2561 vs 3418 
2561 vs 3418 
1007 vs 2946 
935 vs 2943 
251 vs 305 
935 vs 2946 
1007 vs 2943 
251 vs 356 
1007 vs 2946 
935 vs 2946 
286 vs 467 
935 vs 2946 
1007 vs 2946 
249 vs 430 
286 vs 467 
416 vs 779 
249 vs 430 
416 vs 836 
286 vs 467 
286 vs 467 
416 vs 781 
416 vs 749 
416 vs 809 
416 vs 808 
50 vs 150 
1768 vs 3169 
37 vs 468 
180 vs 280 
635 vs 919 
1464 vs 1905 
90 vs 1220 
1777 vs 3169 
880 vs 1164 
247 vs 347 
24 vs 445 
269 vs 655 
24 vs 445 
744 vs 1100 
24 vs 226 
90 vs 1164 
744 vs 1084 
90 vs 1164 
880 vs 1164 
880 vs 1220 
190 vs 570 
191 vs 627 
52 vs 471 
344 vs 928 
190 vs 1073 
191 vs 246 
151 vs 471 
4 vs 551 
162 vs 548 
191 vs 627 
67 vs 387 
151 vs 471 
162 vs 707 
52 vs 471 
108 vs 233 
178 vs 233 
174 vs 719 
583 vs 634 
292 vs 386 
324 vs 333 
888 vs 1193 
631 vs 682 
888 vs 1112 
103 vs 889 
632 vs 683 
818 vs 1123 
325 vs 334 
103 vs 1159 
842 vs 1147 
877 vs 1182 
888 vs 1193 
330 vs 402 
261 vs 407 
4612 vs 4678 
3002 vs 4640 
330 vs 402 
2033 vs 4640 
4574 vs 4640 
425 vs 4640 
3002 vs 4640 
2033 vs 4640 
563 vs 568 
212 vs 726 
425 vs 4640 
186 vs 191 
4574 vs 4640 
995 vs 1061 
181 vs 841 
3040 vs 4678 
2071 vs 4678 
463 vs 4678 
300 vs 305 
215 vs 350 
344 vs 349 
421 vs 426 
344 vs 349 
419 vs 519 
300 vs 305 
379 vs 867 
363 vs 841 
379 vs 848 
416 vs 440 
362 vs 572 
452 vs 552 
379 vs 848 
379 vs 867 
668 vs 668 
88 vs 681 
62 vs 702 
1727 vs 1738 
88 vs 728 
1008 vs 1738 
668 vs 668 
191 vs 940 
191 vs 1858 
191 vs 1858 
253 vs 564 
326 vs 453 
9 vs 92 
240 vs 659 
270 vs 397 
335 vs 391 
240 vs 659 
318 vs 326 
272 vs 399 
71 vs 802 
120 vs 486 
272 vs 399 
272 vs 399 
270 vs 397 
340 vs 759 
226 vs 311 
240 vs 659 
34 vs 354 
103 vs 834 
120 vs 508 
120 vs 322 
308 vs 307 
151 vs 331 
226 vs 324 
900 vs 1471 
282 vs 288 
178 vs 198 
900 vs 1519 
282 vs 288 
32 vs 191 
28 vs 902 
180 vs 200 
34 vs 1007 
34 vs 112 
32 vs 198 
32 vs 906 
34 vs 200 
54 vs 109 
227 vs 289 
488 vs 552 
61 vs 178 
106 vs 230 
486 vs 550 
62 vs 552 
24 vs 332 
122 vs 430 
488 vs 552 
227 vs 535 
62 vs 552 
16 vs 110 
60 vs 550 
191 vs 557 
64 vs 154 
191 vs 226 
118 vs 1935 
61 vs 60 
61 vs 60 
15 vs 612 
16 vs 26 
191 vs 557 
246 vs 612 
324 vs 535 
324 vs 636 
278 vs 293 
273 vs 281 
480 vs 483 
153 vs 168 
111 vs 126 
239 vs 247 
183 vs 198 
170 vs 185 
196 vs 211 
194 vs 202 
1619 vs 2610 
382 vs 385 
227 vs 235 
834 vs 926 
504 vs 507 
1629 vs 2046 
1046 vs 1465 
1623 vs 2040 
171 vs 185 
834 vs 2610 
1336 vs 1753 
5 vs 7 
1619 vs 2610 
308 vs 1465 
63 vs 122 
834 vs 2610 
1257 vs 1599 
143 vs 583 
1623 vs 1965 
103 vs 2083 
48 vs 488 
1159 vs 1556 
143 vs 567 
1159 vs 1556 
1127 vs 1524 
143 vs 583 
48 vs 488 
103 vs 2036 
143 vs 567 
103 vs 2083 
103 vs 2083 
103 vs 2049 
124 vs 130 
152 vs 158 
211 vs 1016 
548 vs 1720 
548 vs 995 
383 vs 998 
217 vs 558 
578 vs 956 
1278 vs 2048 
548 vs 995 
647 vs 1025 
548 vs 1773 
608 vs 837 
62 vs 70 
383 vs 1034 
1252 vs 2022 
1563 vs 2133 
1563 vs 2046 
217 vs 553 
794 vs 1564 
349 vs 727 
349 vs 727 
608 vs 789 
425 vs 1076 
425 vs 1055 
1563 vs 2090 
1054 vs 1537 
73 vs 75 
217 vs 553 
850 vs 1276 
790 vs 1375 
217 vs 558 
296 vs 358 
850 vs 1377 
1563 vs 2133 
1054 vs 1581 
1563 vs 1989 
1563 vs 1989 
107 vs 644 
362 vs 468 
333 vs 332 
737 vs 1274 
21 vs 75 
41 vs 103 
362 vs 846 
181 vs 245 
362 vs 842 
175 vs 420 
359 vs 774 
89 vs 289 
75 vs 77 
363 vs 362 
461 vs 774 
190 vs 774 
75 vs 94 
89 vs 289 
323 vs 708 
510 vs 799 
97 vs 238 
258 vs 643 
89 vs 163 
486 vs 485 
97 vs 297 
266 vs 555 
522 vs 521 
547 vs 836 
266 vs 555 
170 vs 587 
181 vs 587 
467 vs 509 
3625 vs 6885 
413 vs 422 
3658 vs 6818 
3625 vs 6907 
259 vs 3541 
20 vs 261 
2028 vs 2328 
693 vs 1028 
2028 vs 2106 
20 vs 1020 
2028 vs 2328 
287 vs 575 
2028 vs 2137 
2028 vs 2137 
223 vs 705 
269 vs 380 
287 vs 575 
158 vs 446 
267 vs 782 
599 vs 1364 
124 vs 412 
287 vs 575 
287 vs 769 
333 vs 400 
28 vs 425 
44 vs 204 
254 vs 736 
355 vs 422 
187 vs 280 
110 vs 353 
28 vs 350 
28 vs 75 
207 vs 930 
1910 vs 2539 
284 vs 338 
13 vs 71 
207 vs 892 
142 vs 238 
94 vs 127 
28 vs 133 
1910 vs 2225 
28 vs 108 
207 vs 914 
28 vs 366 
28 vs 366 
28 vs 384 
142 vs 822 
186 vs 260 
284 vs 338 
142 vs 144 
625 vs 927 
207 vs 887 
2 vs 298 
625 vs 924 
625 vs 921 
101 vs 2341 
133 vs 1257 
658 vs 1804 
101 vs 2230 
101 vs 2269 
658 vs 1782 
174 vs 261 
658 vs 1783 
140 vs 535 
83 vs 94 
852 vs 1822 
1740 vs 2146 
127 vs 522 
600 vs 1595 
1293 vs 1595 
922 vs 1769 
401 vs 2146 
922 vs 1821 
81 vs 99 
401 vs 1822 
922 vs 1777 
81 vs 99 
1034 vs 1440 
1047 vs 2146 
401 vs 1440 
149 vs 466 
1545 vs 1822 
111 vs 129 
341 vs 365 
473 vs 750 
461 vs 806 
74 vs 543 
507 vs 599 
1058 vs 1174 
426 vs 579 
426 vs 605 
426 vs 730 
69 vs 538 
928 vs 1977 
890 vs 1931 
74 vs 543 
135 vs 1977 
135 vs 1931 
1058 vs 1174 
392 vs 571 
57 vs 156 
19 vs 128 
392 vs 571 
271 vs 420 
475 vs 567 
475 vs 567 
426 vs 736 
342 vs 651 
426 vs 711 
928 vs 1969 
135 vs 1969 
173 vs 408 
310 vs 1116 
470 vs 490 
406 vs 426 
355 vs 426 
756 vs 1116 
419 vs 490 
222 vs 242 
419 vs 490 
711 vs 1116 
470 vs 490 
171 vs 242 
470 vs 490 
419 vs 490 
265 vs 706 
429 vs 2458 
559 vs 2458 
340 vs 781 
306 vs 747 
691 vs 1132 
606 vs 2657 
736 vs 2657 
606 vs 2635 
736 vs 2635 
606 vs 2596 
736 vs 2596 
135 vs 481 
189 vs 587 
83 vs 135 
237 vs 635 
660 vs 873 
301 vs 427 
301 vs 427 
217 vs 422 
301 vs 427 
209 vs 1002 
593 vs 723 
412 vs 782 
1423 vs 2078 
108 vs 107 
15 vs 152 
633 vs 815 
1673 vs 2078 
180 vs 215 
137 vs 419 
90 vs 104 
412 vs 608 
621 vs 803 
652 vs 834 
286 vs 418 
284 vs 416 
175 vs 174 
101 vs 212 
176 vs 555 
290 vs 390 
145 vs 524 
174 vs 553 
145 vs 449 
47 vs 71 
145 vs 485 
200 vs 540 
145 vs 384 
177 vs 659 
200 vs 752 
200 vs 752 
177 vs 729 
159 vs 178 
354 vs 431 
177 vs 713 
177 vs 744 
177 vs 753 
354 vs 431 
177 vs 729 
159 vs 178 
177 vs 659 
177 vs 753 
200 vs 776 
361 vs 1382 
354 vs 431 
200 vs 776 
177 vs 713 
177 vs 744 
88 vs 1743 
88 vs 918 
361 vs 1191 
227 vs 1882 
279 vs 403 
780 vs 904 
765 vs 889 
690 vs 814 
5 vs 6 
735 vs 859 
769 vs 893 
84 vs 117 
4 vs 5 
84 vs 117 
1006 vs 1253 
1006 vs 1253 
72 vs 118 
66 vs 117 
3 vs 117 
216 vs 507 
32 vs 117 
165 vs 313 
331 vs 1253 
575 vs 822 
331 vs 1253 
2963 vs 4834 
549 vs 1499 
886 vs 1768 
549 vs 594 
417 vs 933 
886 vs 1668 
890 vs 1692 
193 vs 267 
263 vs 4865 
193 vs 267 
700 vs 4865 
886 vs 1748 
202 vs 4865 
4206 vs 4865 
410 vs 926 
263 vs 4870 
700 vs 4870 
193 vs 192 
202 vs 4870 
4211 vs 4870 
243 vs 242 
102 vs 101 
189 vs 444 
251 vs 444 
88 vs 377 
427 vs 433 
5 vs 145 
58 vs 57 
56 vs 307 
66 vs 484 
139 vs 426 
120 vs 212 
109 vs 396 
224 vs 514 
136 vs 423 
416 vs 426 
429 vs 439 
66 vs 545 
811 vs 1556 
431 vs 441 
1759 vs 3065 
491 vs 973 
811 vs 1104 
282 vs 572 
430 vs 440 
392 vs 402 
811 vs 1556 
407 vs 1174 
430 vs 440 
368 vs 378 
1759 vs 3065 
1759 vs 3026 
1550 vs 2856 
1550 vs 2856 
403 vs 914 
650 vs 1508 
438 vs 868 
124 vs 296 
820 vs 849 
409 vs 839 
286 vs 849 
124 vs 849 
822 vs 851 
286 vs 851 
124 vs 851 
256 vs 710 
292 vs 1408 
374 vs 417 
292 vs 1406 
292 vs 1433 
1224 vs 1775 
474 vs 518 
292 vs 1429 
7 vs 156 
292 vs 1409 
374 vs 417 
292 vs 1406 
451 vs 1002 
292 vs 1408 
292 vs 1433 
1515 vs 2079 
441 vs 2265 
230 vs 274 
315 vs 518 
71 vs 274 
223 vs 236 
1515 vs 2265 
140 vs 1548 
441 vs 779 
1515 vs 2443 
441 vs 2079 
441 vs 2330 
1515 vs 2330 
441 vs 2443 
1418 vs 1548 
1418 vs 1548 
446 vs 620 
127 vs 181 
140 vs 1548 
446 vs 753 
179 vs 450 
717 vs 853 
446 vs 620 
21 vs 258 
179 vs 450 
179 vs 289 
940 vs 1710 
260 vs 443 
270 vs 440 
275 vs 434 
330 vs 500 
156 vs 194 
275 vs 434 
2281 vs 2871 
940 vs 1654 
847 vs 1275 
260 vs 263 
27 vs 1192 
431 vs 620 
196 vs 379 
267 vs 450 
275 vs 434 
52 vs 157 
170 vs 207 
98 vs 122 
27 vs 122 
288 vs 447 
299 vs 458 
156 vs 194 
27 vs 53 
196 vs 385 
27 vs 717 
378 vs 567 
27 vs 1192 
27 vs 122 
282 vs 283 
60 vs 427 
593 vs 1828 
184 vs 551 
394 vs 395 
51 vs 938 
70 vs 165 
593 vs 1853 
174 vs 721 
352 vs 353 
593 vs 1855 
657 vs 2212 
593 vs 1880 
146 vs 1083 
139 vs 963 
593 vs 1852 
139 vs 1076 
657 vs 2214 
139 vs 142 
2145 vs 2212 
657 vs 2214 
657 vs 2214 
2127 vs 2214 
657 vs 2214 
657 vs 2212 
936 vs 979 
2125 vs 2212 
2147 vs 2214 
45 vs 702 
139 vs 146 
2127 vs 2214 
68 vs 135 
2147 vs 2214 
48 vs 135 
45 vs 706 
45 vs 58 
664 vs 1302 
140 vs 1150 
45 vs 157 
923 vs 966 
45 vs 682 
45 vs 706 
45 vs 682 
45 vs 666 
664 vs 1302 
90 vs 422 
1029 vs 1302 
165 vs 497 
186 vs 518 
350 vs 1034 
181 vs 447 
157 vs 489 
186 vs 480 
196 vs 447 
497 vs 748 
482 vs 748 
283 vs 748 
220 vs 438 
332 vs 453 
390 vs 982 
27 vs 548 
220 vs 438 
253 vs 845 
27 vs 556 
3198 vs 4861 
1326 vs 1411 
3779 vs 4861 
1687 vs 1906 
149 vs 1054 
66 vs 103 
170 vs 169 
476 vs 477 
48 vs 381 
47 vs 48 
15 vs 253 
1644 vs 1863 
15 vs 150 
66 vs 971 
66 vs 97 
476 vs 477 
590 vs 591 
476 vs 477 
92 vs 425 
445 vs 475 
97 vs 98 
445 vs 475 
450 vs 480 
445 vs 475 
436 vs 1307 
545 vs 1416 
530 vs 1401 
532 vs 1403 
521 vs 564 
2137 vs 2529 
2156 vs 2548 
17 vs 194 
725 vs 1301 
695 vs 2619 
1086 vs 2529 
112 vs 136 
2156 vs 2396 
2227 vs 2619 
1006 vs 1398 
53 vs 463 
1105 vs 2548 
1105 vs 2396 
695 vs 2548 
191 vs 273 
695 vs 2396 
676 vs 2529 
1105 vs 2619 
290 vs 1301 
52 vs 51 
365 vs 557 
191 vs 273 
273 vs 745 
273 vs 745 
273 vs 745 
126 vs 144 
273 vs 745 
273 vs 745 
273 vs 745 
126 vs 168 
273 vs 745 
126 vs 414 
315 vs 501 
480 vs 666 
126 vs 521 
159 vs 380 
466 vs 652 
21 vs 81 
21 vs 64 
347 vs 390 
112 vs 172 
276 vs 360 
204 vs 360 
144 vs 204 
69 vs 129 
318 vs 402 
204 vs 360 
101 vs 161 
347 vs 390 
347 vs 390 
204 vs 360 
204 vs 209 
276 vs 360 
204 vs 360 
1668 vs 2322 
276 vs 360 
142 vs 200 
276 vs 360 
246 vs 402 
386 vs 531 
84 vs 199 
830 vs 1686 
945 vs 1101 
16 vs 566 
613 vs 1101 
944 vs 1100 
612 vs 1100 
16 vs 561 
43 vs 588 
78 vs 288 
973 vs 1691 
78 vs 347 
86 vs 355 
86 vs 355 
973 vs 1682 
872 vs 1907 
101 vs 2492 
143 vs 155 
101 vs 2530 
259 vs 335 
163 vs 181 
101 vs 721 
101 vs 2530 
259 vs 387 
163 vs 181 
101 vs 2431 
215 vs 343 
259 vs 387 
75 vs 103 
251 vs 379 
238 vs 268 
816 vs 837 
75 vs 967 
816 vs 837 
1308 vs 1657 
592 vs 1657 
736 vs 1085 
263 vs 683 
238 vs 683 
68 vs 78 
238 vs 683 
263 vs 683 
488 vs 1739 
263 vs 683 
379 vs 396 
238 vs 683 
112 vs 532 
87 vs 532 
14 vs 1366 
379 vs 878 
488 vs 501 
916 vs 1366 
289 vs 1564 
488 vs 1828 
501 vs 514 
17 vs 103 
256 vs 383 
379 vs 823 
267 vs 689 
14 vs 1367 
916 vs 1367 
63 vs 90 
916 vs 1367 
289 vs 1252 
17 vs 103 
4 vs 967 
264 vs 2012 
916 vs 1366 
256 vs 383 
256 vs 383 
267 vs 2015 
267 vs 650 
197 vs 531 
197 vs 552 
197 vs 531 
405 vs 477 
197 vs 233 
197 vs 552 
197 vs 540 
256 vs 256 
188 vs 242 
197 vs 540 
197 vs 236 
256 vs 256 
126 vs 548 
252 vs 2347 
37 vs 67 
252 vs 2353 
252 vs 2347 
412 vs 1336 
385 vs 1462 
51 vs 190 
258 vs 478 
232 vs 305 
253 vs 473 
297 vs 697 
240 vs 379 
969 vs 1764 
291 vs 444 
19 vs 131 
1012 vs 1807 
979 vs 1751 
389 vs 808 
968 vs 1740 
1012 vs 1784 
9 vs 153 
131 vs 208 
920 vs 1692 
932 vs 1704 
93 vs 580 
9 vs 228 
453 vs 895 
9 vs 260 
2604 vs 2752 
55 vs 171 
549 vs 2752 
300 vs 301 
30 vs 80 
507 vs 508 
549 vs 1018 
528 vs 554 
192 vs 218 
97 vs 217 
55 vs 94 
79 vs 129 
507 vs 508 
44 vs 94 
528 vs 554 
1444 vs 1834 
937 vs 2442 
124 vs 182 
91 vs 215 
191 vs 226 
133 vs 191 
899 vs 2404 
858 vs 1353 
200 vs 520 
58 vs 57 
214 vs 537 
37 vs 481 
37 vs 309 
37 vs 515 
351 vs 391 
291 vs 380 
377 vs 466 
355 vs 395 
889 vs 1464 
889 vs 1464 
681 vs 1464 
681 vs 1464 
255 vs 1464 
255 vs 1464 
732 vs 1124 
167 vs 1464 
889 vs 1464 
167 vs 1464 
524 vs 1124 
889 vs 1281 
681 vs 1464 
889 vs 1281 
505 vs 543 
505 vs 543 
681 vs 1281 
681 vs 1281 
98 vs 1124 
255 vs 1464 
10 vs 1124 
167 vs 1464 
255 vs 1281 
255 vs 1281 
167 vs 1281 
167 vs 1281 
338 vs 813 
546 vs 813 
391 vs 1049 
380 vs 1088 
412 vs 1049 
182 vs 450 
161 vs 408 
401 vs 1088 
161 vs 428 
35 vs 282 
391 vs 1099 
54 vs 322 
391 vs 1049 
412 vs 1099 
412 vs 1049 
40 vs 346 
40 vs 126 
40 vs 335 
40 vs 335 
40 vs 109 
40 vs 127 
40 vs 335 
3386 vs 3661 
2602 vs 3661 
3387 vs 3662 
2602 vs 3662 
429 vs 647 
736 vs 954 
3276 vs 3551 
2492 vs 3551 
207 vs 537 
57 vs 387 
27 vs 760 
788 vs 948 
788 vs 1006 
542 vs 760 
471 vs 689 
788 vs 1006 
96 vs 95 
326 vs 353 
139 vs 163 
349 vs 577 
60 vs 390 
121 vs 349 
515 596287 vs vs  vs577673   
349
 
204 vs 534 
596 vs 673 
221 vs 390 
3 vs 663 
3 vs 576 
3 vs 611 
